<?xml version="1.0" encoding="UTF-8"?>
<testng-results ignored="0" total="1" passed="1" failed="0" skipped="0">
  <reporter-output>
  </reporter-output>
  <suite started-at="2025-09-21T19:14:39 IST" name="OrangeHRM Test Suite" finished-at="2025-09-21T19:14:39 IST" duration-ms="61">
    <groups>
    </groups>
    <test started-at="2025-09-21T19:14:39 IST" name="Login Tests" finished-at="2025-09-21T19:14:39 IST" duration-ms="61">
      <class name="com.example.orangehrm.tests.LoginTest">
        <test-method signature="testLogin()[pri:0, instance:com.example.orangehrm.tests.LoginTest@67d48005]" started-at="2025-09-21T19:14:39 IST" name="testLogin" finished-at="2025-09-21T19:14:39 IST" duration-ms="8" status="PASS">
          <reporter-output>
          </reporter-output>
        </test-method> <!-- testLogin -->
      </class> <!-- com.example.orangehrm.tests.LoginTest -->
    </test> <!-- Login Tests -->
  </suite> <!-- OrangeHRM Test Suite -->
</testng-results>
