<?xml version="1.0" encoding="UTF-8"?>
<testsuite xmlns:xsi="http://www.w3.org/2001/XMLSchema-instance" xsi:noNamespaceSchemaLocation="https://maven.apache.org/surefire/maven-surefire-plugin/xsd/surefire-test-report-3.0.xsd" version="3.0" name="TestSuite" time="6.675" tests="1" errors="0" skipped="0" failures="0">
  <properties>
[...]
</properties>
  <testcase name="testLoginAPI" classname="com.example.orangehrm.tests.LoginTest" time="5.162">
    <system-out><![CDATA[Response code: 200
Response body:
{
    "success": true,
    "message": "You have successfully logged in",
    "auth_token": "R55g1CQF6Hbi1ci6JqB0qgJEo5jUoBOixIkhCex_M-TV",
    "data": {
        "roleName": "INDIVIDUAL_RECRUITER",
        "account_name": "Kimova",
        "name": "Maruthi Gowda",
        "userId": "68fb45b2b4d00d9e4eeda060",
        "rolePermissionByName": {
            "GLOBAL": {
                "COMPANY_PROFILE": {
                    "ACCOUNT": [
                        "READ",
                        "UPDATE",
                        ""
                    ]
                },
                "BILLING_PAYMENTS": {
                    "BILLING": [
                        "READ"
                    ]
                },
                "TEAM_MANAGEMENT": {
                    "TEAM": [
                        "MANAGE",
                        "CREATE"
                    ]
                }
            },
            "roleName": "INDIVIDUAL_RECRUITER",
            "roleId": "ROLE-R42AVRuiB4Wkatjl"
        },
        "company_logo": "",
        "tenantName": "keevlecom",
        "is2faEnabled": false,
        "phone": "5566778899",
        "isBasicDetailsConfirmed": true
    }
}
]]></system-out>
    <system-err><![CDATA[SLF4J: No SLF4J providers were found.
SLF4J: Defaulting to no-operation (NOP) logger implementation
SLF4J: See https://www.slf4j.org/codes.html#noProviders for further details.
]]></system-err>
  </testcase>
</testsuite>