<?xml version="1.0" encoding="UTF-8"?>
<testng-results ignored="0" total="1" passed="1" failed="0" skipped="0">
  <reporter-output>
  </reporter-output>
  <suite started-at="2025-10-28T20:17:36 IST" name="OrangeHRM Test Suite" finished-at="2025-10-28T20:17:42 IST" duration-ms="5241">
    <groups>
    </groups>
    <test started-at="2025-10-28T20:17:36 IST" name="Login Tests" finished-at="2025-10-28T20:17:42 IST" duration-ms="5241">
      <class name="com.example.orangehrm.tests.LoginTest">
        <test-method signature="testLoginAPI()[pri:0, instance:com.example.orangehrm.tests.LoginTest@42e99e4a]" started-at="2025-10-28T20:17:36 IST" name="testLoginAPI" finished-at="2025-10-28T20:17:42 IST" duration-ms="5157" status="PASS">
          <reporter-output>
          </reporter-output>
        </test-method> <!-- testLoginAPI -->
      </class> <!-- com.example.orangehrm.tests.LoginTest -->
    </test> <!-- Login Tests -->
  </suite> <!-- OrangeHRM Test Suite -->
</testng-results>
